<?xml version="1.0" encoding="UTF-8"?>
<!-- Generated by org.testng.reporters.JUnitXMLReporter -->
<testsuite ignored="6" hostname="LTIN192554" failures="0" tests="5" name="EdgeTest" time="97.286" errors="0" timestamp="2024-02-15T11:36:29 IST">
  <testcase classname="TestCase.TestCase1_UpcomingBikeDetails" name="clickNewBikes" time="12.464"/>
  <testcase classname="TestCase.TestCase1_UpcomingBikeDetails" name="clickUpcomingBikes" time="19.444"/>
  <testcase classname="TestCase.TestCase2_UsedCarsDetails" name="UsedCarDetails" time="23.168"/>
  <testcase classname="TestCase.TestCase3_GoogleLogin" name="verifyLoginPage" time="9.135"/>
  <testcase classname="TestCase.TestCase4_GoogleSignup" name="verifyLoginPage" time="11.729"/>
  <testcase classname="TestBase.BaseClass" name="@BeforeTest invokeBrowser" time="0.0">
    <ignored/>
  </testcase> <!-- @BeforeTest invokeBrowser -->
  <testcase classname="TestBase.BaseClass" name="@AfterTest tearDown" time="0.0">
    <ignored/>
  </testcase> <!-- @AfterTest tearDown -->
  <testcase classname="TestBase.BaseClass" name="@AfterTest tearDown" time="0.0">
    <ignored/>
  </testcase> <!-- @AfterTest tearDown -->
  <testcase classname="TestBase.BaseClass" name="@BeforeTest invokeBrowser" time="0.0">
    <ignored/>
  </testcase> <!-- @BeforeTest invokeBrowser -->
  <testcase classname="TestBase.BaseClass" name="@BeforeTest invokeBrowser" time="0.0">
    <ignored/>
  </testcase> <!-- @BeforeTest invokeBrowser -->
  <testcase classname="TestBase.BaseClass" name="@AfterTest tearDown" time="0.0">
    <ignored/>
  </testcase> <!-- @AfterTest tearDown -->
</testsuite> <!-- EdgeTest -->
