<?xml version="1.0" encoding="UTF-8"?>
<testng-results ignored="0" total="10" passed="10" failed="0" skipped="0">
  <reporter-output>
  </reporter-output>
  <suite started-at="2024-02-15T11:33:12 IST" name="Suite" finished-at="2024-02-15T11:36:28 IST" duration-ms="195466">
    <groups>
      <group name="regression">
        <method signature="TestCase1_UpcomingBikeDetails.clickNewBikes()[pri:0, instance:TestCase.TestCase1_UpcomingBikeDetails@75437611]" name="clickNewBikes" class="TestCase.TestCase1_UpcomingBikeDetails"/>
        <method signature="TestCase1_UpcomingBikeDetails.clickUpcomingBikes()[pri:0, instance:TestCase.TestCase1_UpcomingBikeDetails@75437611]" name="clickUpcomingBikes" class="TestCase.TestCase1_UpcomingBikeDetails"/>
        <method signature="TestCase2_UsedCarsDetails.UsedCarDetails()[pri:0, instance:TestCase.TestCase2_UsedCarsDetails@1349883]" name="UsedCarDetails" class="TestCase.TestCase2_UsedCarsDetails"/>
        <method signature="TestCase3_GoogleLogin.verifyLoginPage()[pri:0, instance:TestCase.TestCase3_GoogleLogin@4b29d1d2]" name="verifyLoginPage" class="TestCase.TestCase3_GoogleLogin"/>
        <method signature="TestCase4_GoogleSignup.verifyLoginPage()[pri:0, instance:TestCase.TestCase4_GoogleSignup@7f485fda]" name="verifyLoginPage" class="TestCase.TestCase4_GoogleSignup"/>
        <method signature="TestCase1_UpcomingBikeDetails.clickNewBikes()[pri:0, instance:TestCase.TestCase1_UpcomingBikeDetails@19932c16]" name="clickNewBikes" class="TestCase.TestCase1_UpcomingBikeDetails"/>
        <method signature="TestCase1_UpcomingBikeDetails.clickUpcomingBikes()[pri:0, instance:TestCase.TestCase1_UpcomingBikeDetails@19932c16]" name="clickUpcomingBikes" class="TestCase.TestCase1_UpcomingBikeDetails"/>
        <method signature="TestCase2_UsedCarsDetails.UsedCarDetails()[pri:0, instance:TestCase.TestCase2_UsedCarsDetails@73eb439a]" name="UsedCarDetails" class="TestCase.TestCase2_UsedCarsDetails"/>
        <method signature="TestCase3_GoogleLogin.verifyLoginPage()[pri:0, instance:TestCase.TestCase3_GoogleLogin@514646ef]" name="verifyLoginPage" class="TestCase.TestCase3_GoogleLogin"/>
        <method signature="TestCase4_GoogleSignup.verifyLoginPage()[pri:0, instance:TestCase.TestCase4_GoogleSignup@305ffe9e]" name="verifyLoginPage" class="TestCase.TestCase4_GoogleSignup"/>
      </group> <!-- regression -->
      <group name="smoke">
        <method signature="TestCase1_UpcomingBikeDetails.clickNewBikes()[pri:0, instance:TestCase.TestCase1_UpcomingBikeDetails@75437611]" name="clickNewBikes" class="TestCase.TestCase1_UpcomingBikeDetails"/>
        <method signature="TestCase1_UpcomingBikeDetails.clickUpcomingBikes()[pri:0, instance:TestCase.TestCase1_UpcomingBikeDetails@75437611]" name="clickUpcomingBikes" class="TestCase.TestCase1_UpcomingBikeDetails"/>
        <method signature="TestCase3_GoogleLogin.verifyLoginPage()[pri:0, instance:TestCase.TestCase3_GoogleLogin@4b29d1d2]" name="verifyLoginPage" class="TestCase.TestCase3_GoogleLogin"/>
        <method signature="TestCase1_UpcomingBikeDetails.clickNewBikes()[pri:0, instance:TestCase.TestCase1_UpcomingBikeDetails@19932c16]" name="clickNewBikes" class="TestCase.TestCase1_UpcomingBikeDetails"/>
        <method signature="TestCase1_UpcomingBikeDetails.clickUpcomingBikes()[pri:0, instance:TestCase.TestCase1_UpcomingBikeDetails@19932c16]" name="clickUpcomingBikes" class="TestCase.TestCase1_UpcomingBikeDetails"/>
        <method signature="TestCase3_GoogleLogin.verifyLoginPage()[pri:0, instance:TestCase.TestCase3_GoogleLogin@514646ef]" name="verifyLoginPage" class="TestCase.TestCase3_GoogleLogin"/>
      </group> <!-- smoke -->
      <group name="master">
        <method signature="TestCase1_UpcomingBikeDetails.clickNewBikes()[pri:0, instance:TestCase.TestCase1_UpcomingBikeDetails@75437611]" name="clickNewBikes" class="TestCase.TestCase1_UpcomingBikeDetails"/>
        <method signature="TestCase1_UpcomingBikeDetails.clickUpcomingBikes()[pri:0, instance:TestCase.TestCase1_UpcomingBikeDetails@75437611]" name="clickUpcomingBikes" class="TestCase.TestCase1_UpcomingBikeDetails"/>
        <method signature="TestCase2_UsedCarsDetails.UsedCarDetails()[pri:0, instance:TestCase.TestCase2_UsedCarsDetails@1349883]" name="UsedCarDetails" class="TestCase.TestCase2_UsedCarsDetails"/>
        <method signature="TestCase3_GoogleLogin.verifyLoginPage()[pri:0, instance:TestCase.TestCase3_GoogleLogin@4b29d1d2]" name="verifyLoginPage" class="TestCase.TestCase3_GoogleLogin"/>
        <method signature="TestCase4_GoogleSignup.verifyLoginPage()[pri:0, instance:TestCase.TestCase4_GoogleSignup@7f485fda]" name="verifyLoginPage" class="TestCase.TestCase4_GoogleSignup"/>
        <method signature="TestCase1_UpcomingBikeDetails.clickNewBikes()[pri:0, instance:TestCase.TestCase1_UpcomingBikeDetails@19932c16]" name="clickNewBikes" class="TestCase.TestCase1_UpcomingBikeDetails"/>
        <method signature="TestCase1_UpcomingBikeDetails.clickUpcomingBikes()[pri:0, instance:TestCase.TestCase1_UpcomingBikeDetails@19932c16]" name="clickUpcomingBikes" class="TestCase.TestCase1_UpcomingBikeDetails"/>
        <method signature="TestCase2_UsedCarsDetails.UsedCarDetails()[pri:0, instance:TestCase.TestCase2_UsedCarsDetails@73eb439a]" name="UsedCarDetails" class="TestCase.TestCase2_UsedCarsDetails"/>
        <method signature="TestCase3_GoogleLogin.verifyLoginPage()[pri:0, instance:TestCase.TestCase3_GoogleLogin@514646ef]" name="verifyLoginPage" class="TestCase.TestCase3_GoogleLogin"/>
        <method signature="TestCase4_GoogleSignup.verifyLoginPage()[pri:0, instance:TestCase.TestCase4_GoogleSignup@305ffe9e]" name="verifyLoginPage" class="TestCase.TestCase4_GoogleSignup"/>
      </group> <!-- master -->
    </groups>
    <test started-at="2024-02-15T11:33:12 IST" name="ChromeTest" finished-at="2024-02-15T11:34:48 IST" duration-ms="95959">
      <class name="TestCase.TestCase3_GoogleLogin">
        <test-method signature="verifyLoginPage()[pri:0, instance:TestCase.TestCase3_GoogleLogin@4b29d1d2]" started-at="2024-02-15T11:34:31 IST" name="verifyLoginPage" finished-at="2024-02-15T11:34:36 IST" duration-ms="5159" status="PASS">
          <reporter-output>
          </reporter-output>
        </test-method> <!-- verifyLoginPage -->
      </class> <!-- TestCase.TestCase3_GoogleLogin -->
      <class name="TestCase.TestCase1_UpcomingBikeDetails">
        <test-method is-config="true" signature="invokeBrowser(java.lang.String,java.lang.String)[pri:0, instance:TestCase.TestCase1_UpcomingBikeDetails@75437611]" started-at="2024-02-15T11:33:14 IST" name="invokeBrowser" finished-at="2024-02-15T11:33:38 IST" duration-ms="24508" status="PASS">
          <params>
            <param index="0">
              <value>
                <![CDATA[Windows]]>
              </value>
            </param>
            <param index="1">
              <value>
                <![CDATA[chrome]]>
              </value>
            </param>
          </params>
          <reporter-output>
          </reporter-output>
        </test-method> <!-- invokeBrowser -->
        <test-method signature="clickNewBikes()[pri:0, instance:TestCase.TestCase1_UpcomingBikeDetails@75437611]" started-at="2024-02-15T11:33:38 IST" name="clickNewBikes" finished-at="2024-02-15T11:33:49 IST" duration-ms="11213" status="PASS">
          <reporter-output>
          </reporter-output>
        </test-method> <!-- clickNewBikes -->
        <test-method signature="clickUpcomingBikes()[pri:0, instance:TestCase.TestCase1_UpcomingBikeDetails@75437611]" started-at="2024-02-15T11:33:50 IST" name="clickUpcomingBikes" finished-at="2024-02-15T11:34:10 IST" depends-on-methods="TestCase.TestCase1_UpcomingBikeDetails.clickNewBikes" duration-ms="20525" status="PASS">
          <reporter-output>
          </reporter-output>
        </test-method> <!-- clickUpcomingBikes -->
        <test-method is-config="true" signature="tearDown()[pri:0, instance:TestCase.TestCase1_UpcomingBikeDetails@75437611]" started-at="2024-02-15T11:34:47 IST" name="tearDown" finished-at="2024-02-15T11:34:48 IST" duration-ms="1500" status="PASS">
          <reporter-output>
          </reporter-output>
        </test-method> <!-- tearDown -->
      </class> <!-- TestCase.TestCase1_UpcomingBikeDetails -->
      <class name="TestCase.TestCase2_UsedCarsDetails">
        <test-method signature="UsedCarDetails()[pri:0, instance:TestCase.TestCase2_UsedCarsDetails@1349883]" started-at="2024-02-15T11:34:11 IST" name="UsedCarDetails" finished-at="2024-02-15T11:34:30 IST" duration-ms="19329" status="PASS">
          <reporter-output>
          </reporter-output>
        </test-method> <!-- UsedCarDetails -->
      </class> <!-- TestCase.TestCase2_UsedCarsDetails -->
      <class name="TestCase.TestCase4_GoogleSignup">
        <test-method signature="verifyLoginPage()[pri:0, instance:TestCase.TestCase4_GoogleSignup@7f485fda]" started-at="2024-02-15T11:34:36 IST" name="verifyLoginPage" finished-at="2024-02-15T11:34:47 IST" duration-ms="10273" status="PASS">
          <reporter-output>
          </reporter-output>
        </test-method> <!-- verifyLoginPage -->
      </class> <!-- TestCase.TestCase4_GoogleSignup -->
    </test> <!-- ChromeTest -->
    <test started-at="2024-02-15T11:34:51 IST" name="EdgeTest" finished-at="2024-02-15T11:36:28 IST" duration-ms="97286">
      <class name="TestCase.TestCase3_GoogleLogin">
        <test-method signature="verifyLoginPage()[pri:0, instance:TestCase.TestCase3_GoogleLogin@514646ef]" started-at="2024-02-15T11:36:04 IST" name="verifyLoginPage" finished-at="2024-02-15T11:36:13 IST" duration-ms="9135" status="PASS">
          <reporter-output>
          </reporter-output>
        </test-method> <!-- verifyLoginPage -->
      </class> <!-- TestCase.TestCase3_GoogleLogin -->
      <class name="TestCase.TestCase1_UpcomingBikeDetails">
        <test-method is-config="true" signature="invokeBrowser(java.lang.String,java.lang.String)[pri:0, instance:TestCase.TestCase1_UpcomingBikeDetails@19932c16]" started-at="2024-02-15T11:34:51 IST" name="invokeBrowser" finished-at="2024-02-15T11:35:08 IST" duration-ms="17145" status="PASS">
          <params>
            <param index="0">
              <value>
                <![CDATA[Edge]]>
              </value>
            </param>
            <param index="1">
              <value>
                <![CDATA[edge]]>
              </value>
            </param>
          </params>
          <reporter-output>
          </reporter-output>
        </test-method> <!-- invokeBrowser -->
        <test-method signature="clickNewBikes()[pri:0, instance:TestCase.TestCase1_UpcomingBikeDetails@19932c16]" started-at="2024-02-15T11:35:08 IST" name="clickNewBikes" finished-at="2024-02-15T11:35:20 IST" duration-ms="12464" status="PASS">
          <reporter-output>
          </reporter-output>
        </test-method> <!-- clickNewBikes -->
        <test-method signature="clickUpcomingBikes()[pri:0, instance:TestCase.TestCase1_UpcomingBikeDetails@19932c16]" started-at="2024-02-15T11:35:21 IST" name="clickUpcomingBikes" finished-at="2024-02-15T11:35:40 IST" depends-on-methods="TestCase.TestCase1_UpcomingBikeDetails.clickNewBikes" duration-ms="19444" status="PASS">
          <reporter-output>
          </reporter-output>
        </test-method> <!-- clickUpcomingBikes -->
        <test-method is-config="true" signature="tearDown()[pri:0, instance:TestCase.TestCase1_UpcomingBikeDetails@19932c16]" started-at="2024-02-15T11:36:26 IST" name="tearDown" finished-at="2024-02-15T11:36:28 IST" duration-ms="2011" status="PASS">
          <reporter-output>
          </reporter-output>
        </test-method> <!-- tearDown -->
      </class> <!-- TestCase.TestCase1_UpcomingBikeDetails -->
      <class name="TestCase.TestCase2_UsedCarsDetails">
        <test-method signature="UsedCarDetails()[pri:0, instance:TestCase.TestCase2_UsedCarsDetails@73eb439a]" started-at="2024-02-15T11:35:41 IST" name="UsedCarDetails" finished-at="2024-02-15T11:36:04 IST" duration-ms="23168" status="PASS">
          <reporter-output>
          </reporter-output>
        </test-method> <!-- UsedCarDetails -->
      </class> <!-- TestCase.TestCase2_UsedCarsDetails -->
      <class name="TestCase.TestCase4_GoogleSignup">
        <test-method signature="verifyLoginPage()[pri:0, instance:TestCase.TestCase4_GoogleSignup@305ffe9e]" started-at="2024-02-15T11:36:14 IST" name="verifyLoginPage" finished-at="2024-02-15T11:36:26 IST" duration-ms="11729" status="PASS">
          <reporter-output>
          </reporter-output>
        </test-method> <!-- verifyLoginPage -->
      </class> <!-- TestCase.TestCase4_GoogleSignup -->
    </test> <!-- EdgeTest -->
  </suite> <!-- Suite -->
</testng-results>
